<?xml version="1.0" encoding="UTF-8"?>
<!-- Generated by org.testng.reporters.JUnitReportReporter -->
<testsuite skipped="0" hostname="LAPTOP-3OG2TCS8" name="groupon.Test1" tests="1" failures="0" timestamp="07 Apr 2017 07:28:51 GMT" time="39.215" errors="0">
  <testcase name="funLocationAccess" time="39.215" classname="groupon.Test1"/>
</testsuite> <!-- groupon.Test1 -->
